-e >>>>> start r_prep ...
 

R version 3.0.2 (2013-09-25) -- "Frisbee Sailing"
Copyright (C) 2013 The R Foundation for Statistical Computing
Platform: x86_64-pc-linux-gnu (64-bit)

R is free software and comes with ABSOLUTELY NO WARRANTY.
You are welcome to redistribute it under certain conditions.
Type 'license()' or 'licence()' for distribution details.

  Natural language support but running in an English locale

R is a collaborative project with many contributors.
Type 'contributors()' for more information and
'citation()' on how to cite R or R packages in publications.

Type 'demo()' for some demos, 'help()' for on-line help, or
'help.start()' for an HTML browser interface to help.
Type 'q()' to quit R.

> is.installed <- function(mypkg){
+     is.element(mypkg, installed.packages()[,1])
+ }
> 
> if (!is.installed("edgeR")){
+ 	install.packages('dplyr')
+ 	install.packages('plyr')
+ 	install.packages('tidyr')
+ 	install.packages('stringr')
+ 
+ 	source("http://bioconductor.org/biocLite.R")
+ 	biocLite("Mus.musculus")
+ 	biocLite("limma")
+ 	biocLite("edgeR")
+ }
Installing package into ‘/usr/local/lib/R/site-library’
(as ‘lib’ is unspecified)
Error in contrib.url(repos, type) : 
  trying to use CRAN without setting a mirror
Calls: install.packages -> grep -> contrib.url
Execution halted
 
-e >>>>> end of r_prep ...

-e >>>>> start python_prep ...
 
Requirement already satisfied (use --upgrade to upgrade): python-dateutil in /usr/local/lib/python2.7/dist-packages
Requirement already satisfied (use --upgrade to upgrade): six>=1.5 in /usr/lib/python2.7/dist-packages (from python-dateutil)
Requirement already satisfied (use --upgrade to upgrade): bioblend in /usr/local/lib/python2.7/dist-packages
Requirement already satisfied (use --upgrade to upgrade): requests>=1.1.0 in /usr/lib/python2.7/dist-packages (from bioblend)
Requirement already satisfied (use --upgrade to upgrade): poster in /usr/local/lib/python2.7/dist-packages (from bioblend)
Requirement already satisfied (use --upgrade to upgrade): boto>=2.9.7 in /usr/local/lib/python2.7/dist-packages (from bioblend)
Requirement already satisfied (use --upgrade to upgrade): pyyaml in /usr/local/lib/python2.7/dist-packages (from bioblend)
Requirement already satisfied (use --upgrade to upgrade): pandas in /usr/local/lib/python2.7/dist-packages
Requirement already satisfied (use --upgrade to upgrade): python-dateutil in /usr/local/lib/python2.7/dist-packages (from pandas)
Requirement already satisfied (use --upgrade to upgrade): pytz>=2011k in /usr/local/lib/python2.7/dist-packages (from pandas)
Requirement already satisfied (use --upgrade to upgrade): numpy>=1.7.0 in /usr/local/lib/python2.7/dist-packages (from pandas)
Requirement already satisfied (use --upgrade to upgrade): six>=1.5 in /usr/lib/python2.7/dist-packages (from python-dateutil->pandas)
Requirement already satisfied (use --upgrade to upgrade): grequests in /usr/local/lib/python2.7/dist-packages
Requirement already satisfied (use --upgrade to upgrade): gevent in /usr/local/lib/python2.7/dist-packages (from grequests)
Requirement already satisfied (use --upgrade to upgrade): requests>=1.0.0 in /usr/lib/python2.7/dist-packages (from grequests)
Requirement already satisfied (use --upgrade to upgrade): greenlet in /usr/local/lib/python2.7/dist-packages (from gevent->grequests)
Requirement already satisfied (use --upgrade to upgrade): GitPython in /usr/local/lib/python2.7/dist-packages
Requirement already satisfied (use --upgrade to upgrade): gitdb>=0.6.4 in /usr/local/lib/python2.7/dist-packages (from GitPython)
Requirement already satisfied (use --upgrade to upgrade): smmap>=0.8.5 in /usr/local/lib/python2.7/dist-packages (from gitdb>=0.6.4->GitPython)
Requirement already satisfied (use --upgrade to upgrade): pip-tools in /usr/local/lib/python2.7/dist-packages
No update information found for apt-xapian-index
chardet==2.3.0 is available (you have 2.0.1)
python-apt==0.7.8 is available (you have =0.9.3.5ubuntu1)
python-debian==0.1.23 is available (you have =0.1.21-nmu2ubuntu2)
requests==2.5.3 is available (you have 2.2.1)
six==1.9.0 is available (you have 1.5.2)
ssh-import-id==4.1 is available (you have 3.21)
urllib3==1.10.2 is available (you have 1.7.1)
 
-e >>>>> end of python_prep ...

-e >>>>> start samtools_prep ...
 
-e samtools already downloaded.
-e samtools libbam.a already copied.
-e samtools bam-dir already exists.
-e samtools PATH already setting.
 
-e >>>>> end of samtools_prep ...

-e >>>>> start sailfish_prep ...
 
-e sailfish already downloaded.
-e sailfieh PATH no
-e sailfish lib64 no
-e sailfishlib no
 
-e >>>>> end of sailfish_prep ...

-e >>>>> start setting_galaxy ...
 
 
-e >>>>> end of setting_galaxy...

Stopping galaxy... done.
Starting galaxy... 
...done.
c++: fatal error: no input files
compilation terminated.
-e >>>>> start r_prep ...
 
./setup_rnaseqENV.sh: 65: ./setup_rnaseqENV.sh: cannot open /usr/local/src/install_rnaseqENV.R: No such file
 
-e >>>>> end of r_prep ...

-e >>>>> start python_prep ...
 
Requirement already satisfied (use --upgrade to upgrade): python-dateutil in /usr/local/lib/python2.7/dist-packages
Requirement already satisfied (use --upgrade to upgrade): six>=1.5 in /usr/lib/python2.7/dist-packages (from python-dateutil)
Requirement already satisfied (use --upgrade to upgrade): bioblend in /usr/local/lib/python2.7/dist-packages
Requirement already satisfied (use --upgrade to upgrade): requests>=1.1.0 in /usr/lib/python2.7/dist-packages (from bioblend)
Requirement already satisfied (use --upgrade to upgrade): poster in /usr/local/lib/python2.7/dist-packages (from bioblend)
Requirement already satisfied (use --upgrade to upgrade): boto>=2.9.7 in /usr/local/lib/python2.7/dist-packages (from bioblend)
Requirement already satisfied (use --upgrade to upgrade): pyyaml in /usr/local/lib/python2.7/dist-packages (from bioblend)
Requirement already satisfied (use --upgrade to upgrade): pandas in /usr/local/lib/python2.7/dist-packages
Requirement already satisfied (use --upgrade to upgrade): python-dateutil in /usr/local/lib/python2.7/dist-packages (from pandas)
Requirement already satisfied (use --upgrade to upgrade): pytz>=2011k in /usr/local/lib/python2.7/dist-packages (from pandas)
Requirement already satisfied (use --upgrade to upgrade): numpy>=1.7.0 in /usr/local/lib/python2.7/dist-packages (from pandas)
Requirement already satisfied (use --upgrade to upgrade): six>=1.5 in /usr/lib/python2.7/dist-packages (from python-dateutil->pandas)
Requirement already satisfied (use --upgrade to upgrade): grequests in /usr/local/lib/python2.7/dist-packages
Requirement already satisfied (use --upgrade to upgrade): gevent in /usr/local/lib/python2.7/dist-packages (from grequests)
Requirement already satisfied (use --upgrade to upgrade): requests>=1.0.0 in /usr/lib/python2.7/dist-packages (from grequests)
Requirement already satisfied (use --upgrade to upgrade): greenlet in /usr/local/lib/python2.7/dist-packages (from gevent->grequests)
Requirement already satisfied (use --upgrade to upgrade): GitPython in /usr/local/lib/python2.7/dist-packages
Requirement already satisfied (use --upgrade to upgrade): gitdb>=0.6.4 in /usr/local/lib/python2.7/dist-packages (from GitPython)
Requirement already satisfied (use --upgrade to upgrade): smmap>=0.8.5 in /usr/local/lib/python2.7/dist-packages (from gitdb>=0.6.4->GitPython)
Requirement already satisfied (use --upgrade to upgrade): pip-tools in /usr/local/lib/python2.7/dist-packages
No update information found for apt-xapian-index
chardet==2.3.0 is available (you have 2.0.1)
python-apt==0.7.8 is available (you have =0.9.3.5ubuntu1)
python-debian==0.1.23 is available (you have =0.1.21-nmu2ubuntu2)
requests==2.5.3 is available (you have 2.2.1)
six==1.9.0 is available (you have 1.5.2)
ssh-import-id==4.1 is available (you have 3.21)
urllib3==1.10.2 is available (you have 1.7.1)
 
-e >>>>> end of python_prep ...

-e >>>>> start samtools_prep ...
 
-e samtools already downloaded.
-e samtools libbam.a already copied.
-e samtools bam-dir already exists.
-e samtools PATH already setting.
 
-e >>>>> end of samtools_prep ...

-e >>>>> start sailfish_prep ...
 
-e sailfish already downloaded.
-e sailfieh PATH no
-e sailfish lib64 no
-e sailfishlib no
 
-e >>>>> end of sailfish_prep ...

-e >>>>> start setting_galaxy ...
 
 
-e >>>>> end of setting_galaxy...

Stopping galaxy... done.
Starting galaxy... 
...done.
c++: fatal error: no input files
compilation terminated.
-e >>>>> start r_prep ...
 
./setup_rnaseqENV.sh: 65: ./setup_rnaseqENV.sh: cannot open /usr/local/src/install_rnaseqENV.R: No such file
 
-e >>>>> end of r_prep ...

-e >>>>> start python_prep ...
 
Requirement already satisfied (use --upgrade to upgrade): python-dateutil in /usr/local/lib/python2.7/dist-packages
Requirement already satisfied (use --upgrade to upgrade): six>=1.5 in /usr/lib/python2.7/dist-packages (from python-dateutil)
Requirement already satisfied (use --upgrade to upgrade): bioblend in /usr/local/lib/python2.7/dist-packages
Requirement already satisfied (use --upgrade to upgrade): requests>=1.1.0 in /usr/lib/python2.7/dist-packages (from bioblend)
Requirement already satisfied (use --upgrade to upgrade): poster in /usr/local/lib/python2.7/dist-packages (from bioblend)
Requirement already satisfied (use --upgrade to upgrade): boto>=2.9.7 in /usr/local/lib/python2.7/dist-packages (from bioblend)
Requirement already satisfied (use --upgrade to upgrade): pyyaml in /usr/local/lib/python2.7/dist-packages (from bioblend)
Requirement already satisfied (use --upgrade to upgrade): pandas in /usr/local/lib/python2.7/dist-packages
Requirement already satisfied (use --upgrade to upgrade): python-dateutil in /usr/local/lib/python2.7/dist-packages (from pandas)
Requirement already satisfied (use --upgrade to upgrade): pytz>=2011k in /usr/local/lib/python2.7/dist-packages (from pandas)
Requirement already satisfied (use --upgrade to upgrade): numpy>=1.7.0 in /usr/local/lib/python2.7/dist-packages (from pandas)
Requirement already satisfied (use --upgrade to upgrade): six>=1.5 in /usr/lib/python2.7/dist-packages (from python-dateutil->pandas)
Requirement already satisfied (use --upgrade to upgrade): grequests in /usr/local/lib/python2.7/dist-packages
Requirement already satisfied (use --upgrade to upgrade): gevent in /usr/local/lib/python2.7/dist-packages (from grequests)
Requirement already satisfied (use --upgrade to upgrade): requests>=1.0.0 in /usr/lib/python2.7/dist-packages (from grequests)
Requirement already satisfied (use --upgrade to upgrade): greenlet in /usr/local/lib/python2.7/dist-packages (from gevent->grequests)
Requirement already satisfied (use --upgrade to upgrade): GitPython in /usr/local/lib/python2.7/dist-packages
Requirement already satisfied (use --upgrade to upgrade): gitdb>=0.6.4 in /usr/local/lib/python2.7/dist-packages (from GitPython)
Requirement already satisfied (use --upgrade to upgrade): smmap>=0.8.5 in /usr/local/lib/python2.7/dist-packages (from gitdb>=0.6.4->GitPython)
Requirement already satisfied (use --upgrade to upgrade): pip-tools in /usr/local/lib/python2.7/dist-packages
No update information found for apt-xapian-index
chardet==2.3.0 is available (you have 2.0.1)
python-apt==0.7.8 is available (you have =0.9.3.5ubuntu1)
python-debian==0.1.23 is available (you have =0.1.21-nmu2ubuntu2)
requests==2.5.3 is available (you have 2.2.1)
six==1.9.0 is available (you have 1.5.2)
ssh-import-id==4.1 is available (you have 3.21)
urllib3==1.10.2 is available (you have 1.7.1)
 
-e >>>>> end of python_prep ...

-e >>>>> start samtools_prep ...
 
-e samtools already downloaded.
-e samtools libbam.a already copied.
-e samtools bam-dir already exists.
-e samtools PATH already setting.
 
-e >>>>> end of samtools_prep ...

-e >>>>> start sailfish_prep ...
 
-e sailfish already downloaded.
-e sailfieh PATH no
-e sailfish lib64 no
-e sailfishlib no
 
-e >>>>> end of sailfish_prep ...

-e >>>>> start setting_galaxy ...
 
 
-e >>>>> end of setting_galaxy...

Stopping galaxy... done.
Starting galaxy... 
...done.
c++: fatal error: no input files
compilation terminated.
-e >>>>> start r_prep ...
 
./setup_rnaseqENV.sh: 65: ./setup_rnaseqENV.sh: cannot open /usr/local/src/install_rnaseqENV.R: No such file
 
-e >>>>> end of r_prep ...

-e >>>>> start python_prep ...
 
Requirement already satisfied (use --upgrade to upgrade): python-dateutil in /usr/local/lib/python2.7/dist-packages
Requirement already satisfied (use --upgrade to upgrade): six>=1.5 in /usr/lib/python2.7/dist-packages (from python-dateutil)
Requirement already satisfied (use --upgrade to upgrade): bioblend in /usr/local/lib/python2.7/dist-packages
Requirement already satisfied (use --upgrade to upgrade): requests>=1.1.0 in /usr/lib/python2.7/dist-packages (from bioblend)
Requirement already satisfied (use --upgrade to upgrade): poster in /usr/local/lib/python2.7/dist-packages (from bioblend)
Requirement already satisfied (use --upgrade to upgrade): boto>=2.9.7 in /usr/local/lib/python2.7/dist-packages (from bioblend)
Requirement already satisfied (use --upgrade to upgrade): pyyaml in /usr/local/lib/python2.7/dist-packages (from bioblend)
Requirement already satisfied (use --upgrade to upgrade): pandas in /usr/local/lib/python2.7/dist-packages
Requirement already satisfied (use --upgrade to upgrade): python-dateutil in /usr/local/lib/python2.7/dist-packages (from pandas)
Requirement already satisfied (use --upgrade to upgrade): pytz>=2011k in /usr/local/lib/python2.7/dist-packages (from pandas)
Requirement already satisfied (use --upgrade to upgrade): numpy>=1.7.0 in /usr/local/lib/python2.7/dist-packages (from pandas)
Requirement already satisfied (use --upgrade to upgrade): six>=1.5 in /usr/lib/python2.7/dist-packages (from python-dateutil->pandas)
Requirement already satisfied (use --upgrade to upgrade): grequests in /usr/local/lib/python2.7/dist-packages
Requirement already satisfied (use --upgrade to upgrade): gevent in /usr/local/lib/python2.7/dist-packages (from grequests)
Requirement already satisfied (use --upgrade to upgrade): requests>=1.0.0 in /usr/lib/python2.7/dist-packages (from grequests)
Requirement already satisfied (use --upgrade to upgrade): greenlet in /usr/local/lib/python2.7/dist-packages (from gevent->grequests)
Requirement already satisfied (use --upgrade to upgrade): GitPython in /usr/local/lib/python2.7/dist-packages
Requirement already satisfied (use --upgrade to upgrade): gitdb>=0.6.4 in /usr/local/lib/python2.7/dist-packages (from GitPython)
Requirement already satisfied (use --upgrade to upgrade): smmap>=0.8.5 in /usr/local/lib/python2.7/dist-packages (from gitdb>=0.6.4->GitPython)
Requirement already satisfied (use --upgrade to upgrade): pip-tools in /usr/local/lib/python2.7/dist-packages
No update information found for apt-xapian-index
chardet==2.3.0 is available (you have 2.0.1)
python-apt==0.7.8 is available (you have =0.9.3.5ubuntu1)
python-debian==0.1.23 is available (you have =0.1.21-nmu2ubuntu2)
requests==2.5.3 is available (you have 2.2.1)
six==1.9.0 is available (you have 1.5.2)
ssh-import-id==4.1 is available (you have 3.21)
urllib3==1.10.2 is available (you have 1.7.1)
 
-e >>>>> end of python_prep ...

-e >>>>> start samtools_prep ...
 
-e samtools already downloaded.
-e samtools libbam.a already copied.
-e samtools bam-dir already exists.
-e samtools PATH already setting.
 
-e >>>>> end of samtools_prep ...

-e >>>>> start sailfish_prep ...
 
-e sailfish already downloaded.
-e sailfieh PATH no
-e sailfish lib64 no
-e sailfishlib no
 
-e >>>>> end of sailfish_prep ...

-e >>>>> start setting_galaxy ...
 
 
-e >>>>> end of setting_galaxy...

Stopping galaxy... done.
Starting galaxy... 
...done.
c++: fatal error: no input files
compilation terminated.
-e >>>>> start r_prep ...
 
./setup_rnaseqENV.sh: 65: ./setup_rnaseqENV.sh: cannot open /usr/local/src/install_rnaseqENV.R: No such file
 
-e >>>>> end of r_prep ...

-e >>>>> start python_prep ...
 
Requirement already satisfied (use --upgrade to upgrade): python-dateutil in /usr/local/lib/python2.7/dist-packages
Requirement already satisfied (use --upgrade to upgrade): six>=1.5 in /usr/lib/python2.7/dist-packages (from python-dateutil)
Requirement already satisfied (use --upgrade to upgrade): bioblend in /usr/local/lib/python2.7/dist-packages
Requirement already satisfied (use --upgrade to upgrade): requests>=1.1.0 in /usr/lib/python2.7/dist-packages (from bioblend)
Requirement already satisfied (use --upgrade to upgrade): poster in /usr/local/lib/python2.7/dist-packages (from bioblend)
Requirement already satisfied (use --upgrade to upgrade): boto>=2.9.7 in /usr/local/lib/python2.7/dist-packages (from bioblend)
Requirement already satisfied (use --upgrade to upgrade): pyyaml in /usr/local/lib/python2.7/dist-packages (from bioblend)
Requirement already satisfied (use --upgrade to upgrade): pandas in /usr/local/lib/python2.7/dist-packages
Requirement already satisfied (use --upgrade to upgrade): python-dateutil in /usr/local/lib/python2.7/dist-packages (from pandas)
Requirement already satisfied (use --upgrade to upgrade): pytz>=2011k in /usr/local/lib/python2.7/dist-packages (from pandas)
Requirement already satisfied (use --upgrade to upgrade): numpy>=1.7.0 in /usr/local/lib/python2.7/dist-packages (from pandas)
Requirement already satisfied (use --upgrade to upgrade): six>=1.5 in /usr/lib/python2.7/dist-packages (from python-dateutil->pandas)
Requirement already satisfied (use --upgrade to upgrade): grequests in /usr/local/lib/python2.7/dist-packages
Requirement already satisfied (use --upgrade to upgrade): gevent in /usr/local/lib/python2.7/dist-packages (from grequests)
Requirement already satisfied (use --upgrade to upgrade): requests>=1.0.0 in /usr/lib/python2.7/dist-packages (from grequests)
Requirement already satisfied (use --upgrade to upgrade): greenlet in /usr/local/lib/python2.7/dist-packages (from gevent->grequests)
Requirement already satisfied (use --upgrade to upgrade): GitPython in /usr/local/lib/python2.7/dist-packages
Requirement already satisfied (use --upgrade to upgrade): gitdb>=0.6.4 in /usr/local/lib/python2.7/dist-packages (from GitPython)
Requirement already satisfied (use --upgrade to upgrade): smmap>=0.8.5 in /usr/local/lib/python2.7/dist-packages (from gitdb>=0.6.4->GitPython)
Requirement already satisfied (use --upgrade to upgrade): pip-tools in /usr/local/lib/python2.7/dist-packages
No update information found for apt-xapian-index
chardet==2.3.0 is available (you have 2.0.1)
python-apt==0.7.8 is available (you have =0.9.3.5ubuntu1)
python-debian==0.1.23 is available (you have =0.1.21-nmu2ubuntu2)
requests==2.5.3 is available (you have 2.2.1)
six==1.9.0 is available (you have 1.5.2)
ssh-import-id==4.1 is available (you have 3.21)
urllib3==1.10.2 is available (you have 1.7.1)
 
-e >>>>> end of python_prep ...

-e >>>>> start samtools_prep ...
 
-e samtools already downloaded.
-e samtools libbam.a already copied.
-e samtools bam-dir already exists.
-e samtools PATH already setting.
 
-e >>>>> end of samtools_prep ...

-e >>>>> start sailfish_prep ...
 
-e sailfish already downloaded.
-e sailfieh PATH no
-e sailfish lib64 no
-e sailfishlib no
 
-e >>>>> end of sailfish_prep ...

-e >>>>> start setting_galaxy ...
 
 
-e >>>>> end of setting_galaxy...

Stopping galaxy... done.
Starting galaxy... 
...done.
c++: fatal error: no input files
compilation terminated.
-e >>>>> start r_prep ...
 
./setup_rnaseqENV.sh: 65: ./setup_rnaseqENV.sh: cannot open /usr/local/src/install_rnaseqENV.R: No such file
 
-e >>>>> end of r_prep ...

-e >>>>> start python_prep ...
 
Requirement already satisfied (use --upgrade to upgrade): python-dateutil in /usr/local/lib/python2.7/dist-packages
Requirement already satisfied (use --upgrade to upgrade): six>=1.5 in /usr/lib/python2.7/dist-packages (from python-dateutil)
Requirement already satisfied (use --upgrade to upgrade): bioblend in /usr/local/lib/python2.7/dist-packages
Requirement already satisfied (use --upgrade to upgrade): requests>=1.1.0 in /usr/lib/python2.7/dist-packages (from bioblend)
Requirement already satisfied (use --upgrade to upgrade): poster in /usr/local/lib/python2.7/dist-packages (from bioblend)
Requirement already satisfied (use --upgrade to upgrade): boto>=2.9.7 in /usr/local/lib/python2.7/dist-packages (from bioblend)
Requirement already satisfied (use --upgrade to upgrade): pyyaml in /usr/local/lib/python2.7/dist-packages (from bioblend)
Requirement already satisfied (use --upgrade to upgrade): pandas in /usr/local/lib/python2.7/dist-packages
Requirement already satisfied (use --upgrade to upgrade): python-dateutil in /usr/local/lib/python2.7/dist-packages (from pandas)
Requirement already satisfied (use --upgrade to upgrade): pytz>=2011k in /usr/local/lib/python2.7/dist-packages (from pandas)
Requirement already satisfied (use --upgrade to upgrade): numpy>=1.7.0 in /usr/local/lib/python2.7/dist-packages (from pandas)
Requirement already satisfied (use --upgrade to upgrade): six>=1.5 in /usr/lib/python2.7/dist-packages (from python-dateutil->pandas)
Requirement already satisfied (use --upgrade to upgrade): grequests in /usr/local/lib/python2.7/dist-packages
Requirement already satisfied (use --upgrade to upgrade): gevent in /usr/local/lib/python2.7/dist-packages (from grequests)
Requirement already satisfied (use --upgrade to upgrade): requests>=1.0.0 in /usr/lib/python2.7/dist-packages (from grequests)
Requirement already satisfied (use --upgrade to upgrade): greenlet in /usr/local/lib/python2.7/dist-packages (from gevent->grequests)
Requirement already satisfied (use --upgrade to upgrade): GitPython in /usr/local/lib/python2.7/dist-packages
Requirement already satisfied (use --upgrade to upgrade): gitdb>=0.6.4 in /usr/local/lib/python2.7/dist-packages (from GitPython)
Requirement already satisfied (use --upgrade to upgrade): smmap>=0.8.5 in /usr/local/lib/python2.7/dist-packages (from gitdb>=0.6.4->GitPython)
Requirement already satisfied (use --upgrade to upgrade): pip-tools in /usr/local/lib/python2.7/dist-packages
Traceback (most recent call last):
  File "/usr/local/bin/pip-review", line 275, in <module>
    main()
  File "/usr/local/bin/pip-review", line 238, in main
    latest_versions = dict(get_latest_versions(lookup_on_pypi))
  File "/usr/local/bin/pip-review", line 131, in get_latest_versions
    versions = map(get_latest, pkg_names)
  File "/usr/local/bin/pip-review", line 117, in latest_version
    info = get_pkg_info(pkg_name, silent=silent)
  File "/usr/local/bin/pip-review", line 105, in get_pkg_info
    info = load_pkg_info(pkg_name)
  File "/usr/local/bin/pip-review", line 82, in load_pkg_info
    content = handler.read()
  File "/usr/lib/python2.7/socket.py", line 351, in read
    data = self._sock.recv(rbufsize)
  File "/usr/lib/python2.7/httplib.py", line 567, in read
    s = self.fp.read(amt)
  File "/usr/lib/python2.7/socket.py", line 380, in read
    data = self._sock.recv(left)
  File "/usr/lib/python2.7/ssl.py", line 341, in recv
    return self.read(buflen)
  File "/usr/lib/python2.7/ssl.py", line 260, in read
    return self._sslobj.read(len)
KeyboardInterrupt
