-e >>>>> start r_prep ...
 
Reading package lists...
Building dependency tree...
Reading state information...
r-base is already the newest version.
0 upgraded, 0 newly installed, 0 to remove and 5 not upgraded.
Reading package lists...
Building dependency tree...
Reading state information...
r-base-core is already the newest version.
r-base-core set to manually installed.
0 upgraded, 0 newly installed, 0 to remove and 5 not upgraded.
Reading package lists...
Building dependency tree...
Reading state information...
r-base-dev is already the newest version.
r-base-dev set to manually installed.
0 upgraded, 0 newly installed, 0 to remove and 5 not upgraded.
Reading package lists...
Building dependency tree...
Reading state information...
r-recommended is already the newest version.
r-recommended set to manually installed.
0 upgraded, 0 newly installed, 0 to remove and 5 not upgraded.
Reading package lists...
Building dependency tree...
Reading state information...
The following NEW packages will be installed:
  r-mathlib
0 upgraded, 1 newly installed, 0 to remove and 5 not upgraded.
Need to get 874 kB of archives.
After this operation, 1,546 kB of additional disk space will be used.
Get:1 http://us.archive.ubuntu.com/ubuntu/ trusty/universe r-mathlib amd64 3.0.2-1ubuntu1 [874 kB]
Fetched 874 kB in 19s (44.4 kB/s)
Selecting previously unselected package r-mathlib.
(Reading database ... 113806 files and directories currently installed.)
Preparing to unpack .../r-mathlib_3.0.2-1ubuntu1_amd64.deb ...
Unpacking r-mathlib (3.0.2-1ubuntu1) ...
Setting up r-mathlib (3.0.2-1ubuntu1) ...
Processing triggers for libc-bin (2.19-0ubuntu6.6) ...
Reading package lists...
Building dependency tree...
Reading state information...
r-cran-boot is already the newest version.
r-cran-boot set to manually installed.
0 upgraded, 0 newly installed, 0 to remove and 5 not upgraded.
Reading package lists...
Building dependency tree...
Reading state information...
r-cran-class is already the newest version.
r-cran-class set to manually installed.
0 upgraded, 0 newly installed, 0 to remove and 5 not upgraded.
Reading package lists...
Building dependency tree...
Reading state information...
r-cran-cluster is already the newest version.
r-cran-cluster set to manually installed.
0 upgraded, 0 newly installed, 0 to remove and 5 not upgraded.
Reading package lists...
Building dependency tree...
Reading state information...
r-cran-codetools is already the newest version.
r-cran-codetools set to manually installed.
0 upgraded, 0 newly installed, 0 to remove and 5 not upgraded.
Reading package lists...
Building dependency tree...
Reading state information...
r-cran-foreign is already the newest version.
r-cran-foreign set to manually installed.
0 upgraded, 0 newly installed, 0 to remove and 5 not upgraded.
Reading package lists...
Building dependency tree...
Reading state information...
The following extra packages will be installed:
  r-cran-chron r-cran-formula r-cran-latticeextra r-cran-rcolorbrewer
The following NEW packages will be installed:
  r-cran-chron r-cran-formula r-cran-hmisc r-cran-latticeextra
  r-cran-rcolorbrewer
0 upgraded, 5 newly installed, 0 to remove and 5 not upgraded.
Need to get 3,855 kB of archives.
After this operation, 4,456 kB of additional disk space will be used.
Do you want to continue? [Y/n] 