-e >>>>> start r_prep ...
 

R version 3.0.2 (2013-09-25) -- "Frisbee Sailing"
Copyright (C) 2013 The R Foundation for Statistical Computing
Platform: x86_64-pc-linux-gnu (64-bit)

R is free software and comes with ABSOLUTELY NO WARRANTY.
You are welcome to redistribute it under certain conditions.
Type 'license()' or 'licence()' for distribution details.

  Natural language support but running in an English locale

R is a collaborative project with many contributors.
Type 'contributors()' for more information and
'citation()' on how to cite R or R packages in publications.

Type 'demo()' for some demos, 'help()' for on-line help, or
'help.start()' for an HTML browser interface to help.
Type 'q()' to quit R.

> is.installed <- function(mypkg){
+     is.element(mypkg, installed.packages()[,1])
+ }
> 
> if (!is.installed("Mus.musculus")){
+ 	install.packages('dplyr', repos="http://cran.rstudio.com/")
+ 	install.packages('plyr', repos="http://cran.rstudio.com/")
+ 	install.packages('tidyr', repos="http://cran.rstudio.com/")
+ 	install.packages('stringr', repos="http://cran.rstudio.com/")
+ 
+ 	source("http://bioconductor.org/biocLite.R")
+ 	biocLite("Mus.musculus")
+ 	biocLite("limma")
+ 	biocLite("edgeR")
+ }
Installing package into ‘/usr/local/lib/R/site-library’
(as ‘lib’ is unspecified)
Warning: dependency ‘lazyeval’ is not available
trying URL 'http://cran.rstudio.com/src/contrib/dplyr_0.4.1.tar.gz'
Content type 'application/x-gzip' length 891010 bytes (870 Kb)
opened URL
==================================================
downloaded 870 Kb

ERROR: dependency ‘lazyeval’ is not available for package ‘dplyr’
* removing ‘/usr/local/lib/R/site-library/dplyr’

The downloaded source packages are in
	‘/tmp/Rtmp124U2H/downloaded_packages’
Installing package into ‘/usr/local/lib/R/site-library’
(as ‘lib’ is unspecified)
trying URL 'http://cran.rstudio.com/src/contrib/plyr_1.8.1.tar.gz'
Content type 'application/x-gzip' length 393233 bytes (384 Kb)
opened URL
==================================================
downloaded 384 Kb

* installing *source* package ‘plyr’ ...
** package ‘plyr’ successfully unpacked and MD5 sums checked
** libs
g++ -I/usr/share/R/include -DNDEBUG   -I"/usr/local/lib/R/site-library/Rcpp/include"   -fpic  -O3 -pipe  -g  -c RcppExports.cpp -o RcppExports.o
g++ -I/usr/share/R/include -DNDEBUG   -I"/usr/local/lib/R/site-library/Rcpp/include"   -fpic  -O3 -pipe  -g  -c loop-apply.cpp -o loop-apply.o
g++ -I/usr/share/R/include -DNDEBUG   -I"/usr/local/lib/R/site-library/Rcpp/include"   -fpic  -O3 -pipe  -g  -c split-numeric.cpp -o split-numeric.o
g++ -shared -o plyr.so RcppExports.o loop-apply.o split-numeric.o -L/usr/lib/R/lib -lR
installing to /usr/local/lib/R/site-library/plyr/libs
** R
** data
*** moving datasets to lazyload DB
** inst
** preparing package for lazy loading
** help
*** installing help indices
** building package indices
** testing if installed package can be loaded
* DONE (plyr)

The downloaded source packages are in
	‘/tmp/Rtmp124U2H/downloaded_packages’
Installing package into ‘/usr/local/lib/R/site-library’
(as ‘lib’ is unspecified)
Installing package into ‘/usr/local/lib/R/site-library’
(as ‘lib’ is unspecified)
trying URL 'http://cran.rstudio.com/src/contrib/stringr_0.6.2.tar.gz'
Content type 'application/x-gzip' length 20636 bytes (20 Kb)
opened URL
==================================================
downloaded 20 Kb

* installing *source* package ‘stringr’ ...
** package ‘stringr’ successfully unpacked and MD5 sums checked
** R
** inst
** preparing package for lazy loading
** help
*** installing help indices
** building package indices
** testing if installed package can be loaded
* DONE (stringr)

The downloaded source packages are in
	‘/tmp/Rtmp124U2H/downloaded_packages’
Bioconductor version 2.13 (BiocInstaller 1.12.1), ?biocLite for help
A newer version of Bioconductor is available after installing a new version of
  R, ?BiocUpgrade for help
BioC_mirror: http://bioconductor.org
Using Bioconductor version 2.13 (BiocInstaller 1.12.1), R version 3.0.2.
Installing package(s) 'Mus.musculus'
also installing the dependencies ‘rtracklayer’, ‘biomaRt’, ‘RCurl’, ‘OrganismDbi’, ‘GenomicFeatures’, ‘GO.db’, ‘org.Mm.eg.db’, ‘TxDb.Mmusculus.UCSC.mm10.knownGene’

trying URL 'http://bioconductor.org/packages/2.13/bioc/src/contrib/rtracklayer_1.22.7.tar.gz'
Content type 'application/x-gzip' length 1325759 bytes (1.3 Mb)
opened URL
==================================================
downloaded 1.3 Mb

trying URL 'http://bioconductor.org/packages/2.13/bioc/src/contrib/biomaRt_2.18.0.tar.gz'
Content type 'application/x-gzip' length 255891 bytes (249 Kb)
opened URL
==================================================
downloaded 249 Kb

trying URL 'http://cran.fhcrc.org/src/contrib/RCurl_1.95-4.5.tar.gz'
Content type 'application/x-gzip' length 878607 bytes (858 Kb)
opened URL
==================================================
downloaded 858 Kb

trying URL 'http://bioconductor.org/packages/2.13/bioc/src/contrib/OrganismDbi_1.4.0.tar.gz'
Content type 'application/x-gzip' length 159819 bytes (156 Kb)
opened URL
==================================================
downloaded 156 Kb

trying URL 'http://bioconductor.org/packages/2.13/bioc/src/contrib/GenomicFeatures_1.14.5.tar.gz'
Content type 'application/x-gzip' length 814511 bytes (795 Kb)
opened URL
==================================================
downloaded 795 Kb

trying URL 'http://bioconductor.org/packages/2.13/data/annotation/src/contrib/GO.db_2.10.1.tar.gz'
Content type 'application/x-gzip' length 26094175 bytes (24.9 Mb)
opened URL
==================================================
downloaded 24.9 Mb

trying URL 'http://bioconductor.org/packages/2.13/data/annotation/src/contrib/org.Mm.eg.db_2.10.1.tar.gz'
Content type 'application/x-gzip' length 50728674 bytes (48.4 Mb)
opened URL
==================================================
downloaded 48.4 Mb

trying URL 'http://bioconductor.org/packages/2.13/data/annotation/src/contrib/TxDb.Mmusculus.UCSC.mm10.knownGene_2.10.1.tar.gz'
Content type 'application/x-gzip' length 13807340 bytes (13.2 Mb)
opened URL
==================================================
downloaded 13.2 Mb

trying URL 'http://bioconductor.org/packages/2.13/data/annotation/src/contrib/Mus.musculus_1.1.2.tar.gz'
Content type 'application/x-gzip' length 1518 bytes
opened URL
==================================================
downloaded 1518 bytes

* installing *source* package ‘RCurl’ ...
** package ‘RCurl’ successfully unpacked and MD5 sums checked
checking for curl-config... no
Cannot find curl-config
ERROR: configuration failed for package ‘RCurl’
* removing ‘/usr/local/lib/R/site-library/RCurl’
* installing *source* package ‘GO.db’ ...
** R
** inst
** preparing package for lazy loading
** help
*** installing help indices
** building package indices
** testing if installed package can be loaded
Error : .onLoad failed in loadNamespace() for 'GO.db', details:
  call: match.arg(synchronous, c("off", "normal", "full"))
  error: 'arg' must be NULL or a character vector
Error: loading failed
Execution halted
ERROR: loading failed
* removing ‘/usr/local/lib/R/site-library/GO.db’
* installing *source* package ‘org.Mm.eg.db’ ...
** R
** inst
** preparing package for lazy loading
** help
*** installing help indices
** building package indices
** testing if installed package can be loaded
Error : .onLoad failed in loadNamespace() for 'org.Mm.eg.db', details:
  call: match.arg(synchronous, c("off", "normal", "full"))
  error: 'arg' must be NULL or a character vector
Error: loading failed
Execution halted
ERROR: loading failed
* removing ‘/usr/local/lib/R/site-library/org.Mm.eg.db’
ERROR: dependency ‘RCurl’ is not available for package ‘rtracklayer’
* removing ‘/usr/local/lib/R/site-library/rtracklayer’
ERROR: dependency ‘RCurl’ is not available for package ‘biomaRt’
* removing ‘/usr/local/lib/R/site-library/biomaRt’
ERROR: dependencies ‘rtracklayer’, ‘biomaRt’, ‘RCurl’ are not available for package ‘GenomicFeatures’
* removing ‘/usr/local/lib/R/site-library/GenomicFeatures’
ERROR: dependency ‘GenomicFeatures’ is not available for package ‘OrganismDbi’
* removing ‘/usr/local/lib/R/site-library/OrganismDbi’
ERROR: dependency ‘GenomicFeatures’ is not available for package ‘TxDb.Mmusculus.UCSC.mm10.knownGene’
* removing ‘/usr/local/lib/R/site-library/TxDb.Mmusculus.UCSC.mm10.knownGene’
ERROR: dependencies ‘OrganismDbi’, ‘GenomicFeatures’, ‘GO.db’, ‘org.Mm.eg.db’, ‘TxDb.Mmusculus.UCSC.mm10.knownGene’ are not available for package ‘Mus.musculus’
* removing ‘/usr/local/lib/R/site-library/Mus.musculus’

The downloaded source packages are in
	‘/tmp/Rtmp124U2H/downloaded_packages’
Old packages: 'boot', 'class', 'cluster', 'codetools', 'foreign', 'KernSmooth',
  'lattice', 'Matrix', 'mgcv', 'nlme', 'nnet', 'rpart', 'spatial', 'survival'
BioC_mirror: http://bioconductor.org
Using Bioconductor version 2.13 (BiocInstaller 1.12.1), R version 3.0.2.
Installing package(s) 'limma'
trying URL 'http://bioconductor.org/packages/2.13/bioc/src/contrib/limma_3.18.13.tar.gz'
Content type 'application/x-gzip' length 1048134 bytes (1023 Kb)
opened URL
==================================================
downloaded 1023 Kb

* installing *source* package ‘limma’ ...
** libs
gcc -std=gnu99 -I/usr/share/R/include -DNDEBUG      -fpic  -O3 -pipe  -g  -c normexp.c -o normexp.o
gcc -std=gnu99 -shared -o limma.so normexp.o -L/usr/lib/R/lib -lR
installing to /usr/local/lib/R/site-library/limma/libs
** R
** inst
** preparing package for lazy loading
** help
*** installing help indices
** building package indices
** installing vignettes
** testing if installed package can be loaded
* DONE (limma)

The downloaded source packages are in
	‘/tmp/Rtmp124U2H/downloaded_packages’
Old packages: 'boot', 'class', 'cluster', 'codetools', 'foreign', 'KernSmooth',
  'lattice', 'Matrix', 'mgcv', 'nlme', 'nnet', 'rpart', 'spatial', 'survival'
BioC_mirror: http://bioconductor.org
Using Bioconductor version 2.13 (BiocInstaller 1.12.1), R version 3.0.2.
Installing package(s) 'edgeR'
trying URL 'http://bioconductor.org/packages/2.13/bioc/src/contrib/edgeR_3.4.2.tar.gz'
Content type 'application/x-gzip' length 1126311 bytes (1.1 Mb)
opened URL
==================================================
downloaded 1.1 Mb

* installing *source* package ‘edgeR’ ...
** libs
g++ -I/usr/share/R/include -DNDEBUG -I./core -I.      -fpic  -O3 -pipe  -g  -c R_exact_test_by_deviance.cpp -o R_exact_test_by_deviance.o
g++ -I/usr/share/R/include -DNDEBUG -I./core -I.      -fpic  -O3 -pipe  -g  -c R_loess_by_col.cpp -o R_loess_by_col.o
g++ -I/usr/share/R/include -DNDEBUG -I./core -I.      -fpic  -O3 -pipe  -g  -c R_cr_adjust.cpp -o R_cr_adjust.o
g++ -I/usr/share/R/include -DNDEBUG -I./core -I.      -fpic  -O3 -pipe  -g  -c R_levenberg.cpp -o R_levenberg.o
g++ -I/usr/share/R/include -DNDEBUG -I./core -I.      -fpic  -O3 -pipe  -g  -c R_maximize_interpolant.cpp -o R_maximize_interpolant.o
g++ -I/usr/share/R/include -DNDEBUG -I./core -I.      -fpic  -O3 -pipe  -g  -c R_one_group.cpp -o R_one_group.o
g++ -I/usr/share/R/include -DNDEBUG -I./core -I.      -fpic  -O3 -pipe  -g  -c R_simple_good_turing.cpp -o R_simple_good_turing.o
g++ -I/usr/share/R/include -DNDEBUG -I./core -I.      -fpic  -O3 -pipe  -g  -c core/adj_coxreid.cpp -o core/adj_coxreid.o
g++ -I/usr/share/R/include -DNDEBUG -I./core -I.      -fpic  -O3 -pipe  -g  -c core/glm_levenberg.cpp -o core/glm_levenberg.o
g++ -I/usr/share/R/include -DNDEBUG -I./core -I.      -fpic  -O3 -pipe  -g  -c core/glm_one_group.cpp -o core/glm_one_group.o
g++ -I/usr/share/R/include -DNDEBUG -I./core -I.      -fpic  -O3 -pipe  -g  -c core/interpolator.cpp -o core/interpolator.o
gcc -std=gnu99 -I/usr/share/R/include -DNDEBUG -I./core -I.      -fpic  -O3 -pipe  -g  -c core/fmm_spline.c -o core/fmm_spline.o
g++ -shared -o edgeR.so R_exact_test_by_deviance.o R_loess_by_col.o R_cr_adjust.o R_levenberg.o R_maximize_interpolant.o R_one_group.o R_simple_good_turing.o core/adj_coxreid.o core/glm_levenberg.o core/glm_one_group.o core/interpolator.o core/fmm_spline.o -llapack -lblas -lgfortran -lm -lquadmath -L/usr/lib/R/lib -lR
installing to /usr/local/lib/R/site-library/edgeR/libs
** R
** data
** inst
** preparing package for lazy loading
** help
*** installing help indices
** building package indices
** installing vignettes
** testing if installed package can be loaded
* DONE (edgeR)

The downloaded source packages are in
	‘/tmp/Rtmp124U2H/downloaded_packages’
Old packages: 'boot', 'class', 'cluster', 'codetools', 'foreign', 'KernSmooth',
  'lattice', 'Matrix', 'mgcv', 'nlme', 'nnet', 'rpart', 'spatial', 'survival'
There were 11 warnings (use warnings() to see them)
> 
 
-e >>>>> end of r_prep ...

-e >>>>> start python_prep ...
 
Requirement already satisfied (use --upgrade to upgrade): python-dateutil in /usr/local/lib/python2.7/dist-packages
Requirement already satisfied (use --upgrade to upgrade): six>=1.5 in /usr/lib/python2.7/dist-packages (from python-dateutil)
Requirement already satisfied (use --upgrade to upgrade): bioblend in /usr/local/lib/python2.7/dist-packages
Requirement already satisfied (use --upgrade to upgrade): requests>=1.1.0 in /usr/lib/python2.7/dist-packages (from bioblend)
Requirement already satisfied (use --upgrade to upgrade): poster in /usr/local/lib/python2.7/dist-packages (from bioblend)
Requirement already satisfied (use --upgrade to upgrade): boto>=2.9.7 in /usr/local/lib/python2.7/dist-packages (from bioblend)
Requirement already satisfied (use --upgrade to upgrade): pyyaml in /usr/local/lib/python2.7/dist-packages (from bioblend)
Requirement already satisfied (use --upgrade to upgrade): pandas in /usr/local/lib/python2.7/dist-packages
Requirement already satisfied (use --upgrade to upgrade): python-dateutil in /usr/local/lib/python2.7/dist-packages (from pandas)
Requirement already satisfied (use --upgrade to upgrade): pytz>=2011k in /usr/local/lib/python2.7/dist-packages (from pandas)
Requirement already satisfied (use --upgrade to upgrade): numpy>=1.7.0 in /usr/local/lib/python2.7/dist-packages (from pandas)
Requirement already satisfied (use --upgrade to upgrade): six>=1.5 in /usr/lib/python2.7/dist-packages (from python-dateutil->pandas)
Requirement already satisfied (use --upgrade to upgrade): grequests in /usr/local/lib/python2.7/dist-packages
Requirement already satisfied (use --upgrade to upgrade): gevent in /usr/local/lib/python2.7/dist-packages (from grequests)
Requirement already satisfied (use --upgrade to upgrade): requests>=1.0.0 in /usr/lib/python2.7/dist-packages (from grequests)
Requirement already satisfied (use --upgrade to upgrade): greenlet in /usr/local/lib/python2.7/dist-packages (from gevent->grequests)
Requirement already satisfied (use --upgrade to upgrade): GitPython in /usr/local/lib/python2.7/dist-packages
Requirement already satisfied (use --upgrade to upgrade): gitdb>=0.6.4 in /usr/local/lib/python2.7/dist-packages (from GitPython)
Requirement already satisfied (use --upgrade to upgrade): smmap>=0.8.5 in /usr/local/lib/python2.7/dist-packages (from gitdb>=0.6.4->GitPython)
Requirement already satisfied (use --upgrade to upgrade): pip-tools in /usr/local/lib/python2.7/dist-packages
No update information found for apt-xapian-index
chardet==2.3.0 is available (you have 2.0.1)
python-apt==0.7.8 is available (you have =0.9.3.5ubuntu1)
python-debian==0.1.23 is available (you have =0.1.21-nmu2ubuntu2)
requests==2.5.3 is available (you have 2.2.1)
six==1.9.0 is available (you have 1.5.2)
ssh-import-id==4.1 is available (you have 3.21)
urllib3==1.10.2 is available (you have 1.7.1)
 
-e >>>>> end of python_prep ...

-e >>>>> start samtools_prep ...
 
-e samtools already downloaded.
-e samtools libbam.a already copied.
-e samtools bam-dir already exists.
-e samtoolspath no
 
-e >>>>> end of samtools_prep ...

-e >>>>> start sailfish_prep ...
 
-e sailfish already downloaded.
-e sailfieh PATH no
-e sailfish lib64 no
-e sailfishlib no
 
-e >>>>> end of sailfish_prep ...

-e >>>>> start setting_galaxy ...
 
 
-e >>>>> end of setting_galaxy...

Stopping galaxy... done.
Starting galaxy... 
...done.
