-e >>>>> start r_prep ...
 
 
-e >>>>> end of r_prep ...

-e >>>>> start python_prep ...
 
/usr/bin/python: /usr/local/src/Sailfish-0.6.3-Linux_x86-64/lib/libz.so.1: no version information available (required by /usr/bin/python)
Requirement already satisfied (use --upgrade to upgrade): python-dateutil in /usr/local/lib/python2.7/dist-packages
Requirement already satisfied (use --upgrade to upgrade): six>=1.5 in /usr/lib/python2.7/dist-packages (from python-dateutil)
/usr/bin/python: /usr/local/src/Sailfish-0.6.3-Linux_x86-64/lib/libz.so.1: no version information available (required by /usr/bin/python)
Requirement already satisfied (use --upgrade to upgrade): bioblend in /usr/local/lib/python2.7/dist-packages
Requirement already satisfied (use --upgrade to upgrade): requests>=1.1.0 in /usr/lib/python2.7/dist-packages (from bioblend)
Requirement already satisfied (use --upgrade to upgrade): poster in /usr/local/lib/python2.7/dist-packages (from bioblend)
Requirement already satisfied (use --upgrade to upgrade): boto>=2.9.7 in /usr/local/lib/python2.7/dist-packages (from bioblend)
Requirement already satisfied (use --upgrade to upgrade): pyyaml in /usr/local/lib/python2.7/dist-packages (from bioblend)
/usr/bin/python: /usr/local/src/Sailfish-0.6.3-Linux_x86-64/lib/libz.so.1: no version information available (required by /usr/bin/python)
Requirement already satisfied (use --upgrade to upgrade): pandas in /usr/local/lib/python2.7/dist-packages
Requirement already satisfied (use --upgrade to upgrade): python-dateutil in /usr/local/lib/python2.7/dist-packages (from pandas)
Requirement already satisfied (use --upgrade to upgrade): pytz>=2011k in /usr/local/lib/python2.7/dist-packages (from pandas)
Requirement already satisfied (use --upgrade to upgrade): numpy>=1.7.0 in /usr/local/lib/python2.7/dist-packages (from pandas)
Requirement already satisfied (use --upgrade to upgrade): six>=1.5 in /usr/lib/python2.7/dist-packages (from python-dateutil->pandas)
/usr/bin/python: /usr/local/src/Sailfish-0.6.3-Linux_x86-64/lib/libz.so.1: no version information available (required by /usr/bin/python)
Requirement already satisfied (use --upgrade to upgrade): grequests in /usr/local/lib/python2.7/dist-packages
Requirement already satisfied (use --upgrade to upgrade): gevent in /usr/local/lib/python2.7/dist-packages (from grequests)
Requirement already satisfied (use --upgrade to upgrade): requests>=1.0.0 in /usr/lib/python2.7/dist-packages (from grequests)
Requirement already satisfied (use --upgrade to upgrade): greenlet in /usr/local/lib/python2.7/dist-packages (from gevent->grequests)
/usr/bin/python: /usr/local/src/Sailfish-0.6.3-Linux_x86-64/lib/libz.so.1: no version information available (required by /usr/bin/python)
Requirement already satisfied (use --upgrade to upgrade): GitPython in /usr/local/lib/python2.7/dist-packages
Requirement already satisfied (use --upgrade to upgrade): gitdb>=0.6.4 in /usr/local/lib/python2.7/dist-packages (from GitPython)
Requirement already satisfied (use --upgrade to upgrade): smmap>=0.8.5 in /usr/local/lib/python2.7/dist-packages (from gitdb>=0.6.4->GitPython)
/usr/bin/python: /usr/local/src/Sailfish-0.6.3-Linux_x86-64/lib/libz.so.1: no version information available (required by /usr/bin/python)
Requirement already satisfied (use --upgrade to upgrade): pip-tools in /usr/local/lib/python2.7/dist-packages
/usr/bin/python: /usr/local/src/Sailfish-0.6.3-Linux_x86-64/lib/libz.so.1: no version information available (required by /usr/bin/python)
/usr/bin/python: /usr/local/src/Sailfish-0.6.3-Linux_x86-64/lib/libz.so.1: no version information available (required by /usr/bin/python)
No update information found for apt-xapian-index
chardet==2.3.0 is available (you have 2.0.1)
python-apt==0.7.8 is available (you have =0.9.3.5ubuntu1)
python-debian==0.1.23 is available (you have =0.1.21-nmu2ubuntu2)
requests==2.5.3 is available (you have 2.2.1)
six==1.9.0 is available (you have 1.5.2)
ssh-import-id==4.1 is available (you have 3.21)
urllib3==1.10.2 is available (you have 1.7.1)
 
-e >>>>> end of python_prep ...

-e >>>>> start samtools_prep ...
 
-e samtools already downloaded.
-e samtools libbam.a already copied.
-e samtools bam-dir already exists.
-e samtools PATH setting...
/root/bin:/usr/local/bin:/usr/local/sbin:/usr/local/bin:/usr/sbin:/usr/bin:/sbin:/bin:/usr/local/src/samtools-0.1.19:/usr/local/src/Sailfish-0.6.3-Linux_x86-64/bin:/opt/chefdk/embedded/bin
setup_rnaseqENV.sh: 126: setup_rnaseqENV.sh: source: not found
 
-e >>>>> end of samtools_prep ...

-e >>>>> start sailfish_prep ...
 
-e sailfish already downloaded.
-e sailfieh PATH setting...
/root/bin:/usr/local/bin:/usr/local/sbin:/usr/local/bin:/usr/sbin:/usr/bin:/sbin:/bin:/usr/local/src/samtools-0.1.19:/usr/local/src/Sailfish-0.6.3-Linux_x86-64/bin:/opt/chefdk/embedded/bin
setup_rnaseqENV.sh: 154: setup_rnaseqENV.sh: source: not found
-e lib64 PATH setting...
:/lib64:/usr/local/src/Sailfish-0.6.3-Linux_x86-64/lib
setup_rnaseqENV.sh: 164: setup_rnaseqENV.sh: source: not found
-e sailfish-lib PATH setting...
:/lib64:/usr/local/src/Sailfish-0.6.3-Linux_x86-64/lib
setup_rnaseqENV.sh: 174: setup_rnaseqENV.sh: source: not found
 
-e >>>>> end of sailfish_prep ...

-e >>>>> start setting_galaxy ...
 
 
-e >>>>> end of setting_galaxy...

Stopping galaxy... done.
Starting galaxy... 
...done.
